TN:
SF:src/MyToken.sol
FN:1,foo
FNDA:1,foo
FN:2,bar
FNDA:1,bar
FN:3,baz
FNDA:1,baz
FN:4,qux
FNDA:1,qux
FNF:4
FNH:4
DA:1,1
DA:2,1
DA:3,1
DA:4,1
DA:5,1
DA:6,1
DA:7,1
DA:8,1
DA:9,0
DA:10,0
LF:10
LH:8
BRDA:1,0,0,1
BRDA:1,0,1,1
BRDA:2,0,0,1
BRDA:2,0,1,0
BRDA:3,0,0,0
BRDA:3,0,1,0
BRF:6
BRH:3
end_of_record
TN:
SF:src/MyProxy.sol
FN:1,init
FNDA:1,init
FN:2,upgrade
FNDA:0,upgrade
FNF:2
FNH:1
DA:1,1
DA:2,1
DA:3,1
DA:4,0
DA:5,0
LF:5
LH:3
BRDA:1,0,0,1
BRDA:1,0,1,0
BRDA:2,0,0,0
BRF:3
BRH:1
end_of_record
TN:
SF:test/MyToken.t.sol
FN:1,testFoo
FNDA:1,testFoo
FNF:1
FNH:1
DA:1,1
DA:2,1
DA:3,1
DA:4,1
DA:5,1
LF:5
LH:5
BRF:0
BRH:0
end_of_record
